<?xml version="1.0" ?>
<coverage branch-rate="0" branches-covered="0" branches-valid="0" complexity="0" line-rate="1" lines-covered="161" lines-valid="161" timestamp="1553025744764" version="4.5.2">
	<!-- Generated by coverage.py: https://coverage.readthedocs.io -->
	<!-- Based on https://raw.githubusercontent.com/cobertura/web/master/htdocs/xml/coverage-04.dtd -->
	<sources>
		<source>/Users/zhangzhiwei/Documents/Programs/Python/named_enum/named_enum</source>
	</sources>
	<packages>
		<package branch-rate="0" complexity="0" line-rate="1" name=".">
			<classes>
				<class branch-rate="0" complexity="0" filename="__init__.py" line-rate="1" name="__init__.py">
					<methods/>
					<lines>
						<line hits="1" number="2"/>
						<line hits="1" number="7"/>
						<line hits="1" number="8"/>
						<line hits="1" number="9"/>
						<line hits="1" number="10"/>
						<line hits="1" number="11"/>
						<line hits="1" number="12"/>
						<line hits="1" number="14"/>
						<line hits="1" number="20"/>
						<line hits="1" number="27"/>
						<line hits="1" number="35"/>
						<line hits="1" number="36"/>
						<line hits="1" number="38"/>
						<line hits="1" number="40"/>
						<line hits="1" number="48"/>
						<line hits="1" number="49"/>
						<line hits="1" number="51"/>
						<line hits="1" number="53"/>
						<line hits="1" number="61"/>
						<line hits="1" number="62"/>
						<line hits="1" number="64"/>
						<line hits="1" number="65"/>
						<line hits="1" number="66"/>
						<line hits="1" number="68"/>
						<line hits="1" number="70"/>
						<line hits="1" number="71"/>
						<line hits="1" number="74"/>
						<line hits="1" number="75"/>
						<line hits="1" number="76"/>
						<line hits="1" number="77"/>
						<line hits="1" number="78"/>
						<line hits="1" number="80"/>
						<line hits="1" number="81"/>
						<line hits="1" number="85"/>
						<line hits="1" number="86"/>
						<line hits="1" number="89"/>
						<line hits="1" number="108"/>
						<line hits="1" number="119"/>
						<line hits="1" number="121"/>
						<line hits="1" number="122"/>
						<line hits="1" number="123"/>
						<line hits="1" number="125"/>
						<line hits="1" number="127"/>
						<line hits="1" number="142"/>
						<line hits="1" number="143"/>
						<line hits="1" number="145"/>
						<line hits="1" number="148"/>
						<line hits="1" number="150"/>
						<line hits="1" number="151"/>
						<line hits="1" number="152"/>
						<line hits="1" number="155"/>
						<line hits="1" number="158"/>
						<line hits="1" number="159"/>
						<line hits="1" number="161"/>
						<line hits="1" number="178"/>
						<line hits="1" number="179"/>
						<line hits="1" number="180"/>
						<line hits="1" number="181"/>
						<line hits="1" number="182"/>
						<line hits="1" number="184"/>
						<line hits="1" number="185"/>
						<line hits="1" number="186"/>
						<line hits="1" number="187"/>
						<line hits="1" number="189"/>
						<line hits="1" number="190"/>
						<line hits="1" number="192"/>
						<line hits="1" number="211"/>
						<line hits="1" number="212"/>
						<line hits="1" number="213"/>
						<line hits="1" number="215"/>
						<line hits="1" number="216"/>
						<line hits="1" number="230"/>
						<line hits="1" number="232"/>
						<line hits="1" number="234"/>
						<line hits="1" number="235"/>
						<line hits="1" number="251"/>
						<line hits="1" number="253"/>
						<line hits="1" number="255"/>
						<line hits="1" number="270"/>
						<line hits="1" number="271"/>
						<line hits="1" number="273"/>
						<line hits="1" number="307"/>
						<line hits="1" number="308"/>
						<line hits="1" number="309"/>
						<line hits="1" number="311"/>
						<line hits="1" number="324"/>
						<line hits="1" number="326"/>
						<line hits="1" number="343"/>
						<line hits="1" number="345"/>
						<line hits="1" number="362"/>
						<line hits="1" number="364"/>
						<line hits="1" number="383"/>
						<line hits="1" number="385"/>
						<line hits="1" number="402"/>
						<line hits="1" number="404"/>
						<line hits="1" number="421"/>
						<line hits="1" number="423"/>
						<line hits="1" number="429"/>
						<line hits="1" number="431"/>
						<line hits="1" number="455"/>
						<line hits="1" number="456"/>
						<line hits="1" number="457"/>
						<line hits="1" number="458"/>
						<line hits="1" number="459"/>
						<line hits="1" number="460"/>
						<line hits="1" number="461"/>
						<line hits="1" number="462"/>
						<line hits="1" number="463"/>
						<line hits="1" number="464"/>
						<line hits="1" number="465"/>
						<line hits="1" number="466"/>
						<line hits="1" number="467"/>
						<line hits="1" number="468"/>
						<line hits="1" number="469"/>
						<line hits="1" number="470"/>
						<line hits="1" number="471"/>
						<line hits="1" number="472"/>
						<line hits="1" number="473"/>
						<line hits="1" number="474"/>
						<line hits="1" number="476"/>
						<line hits="1" number="477"/>
						<line hits="1" number="478"/>
						<line hits="1" number="480"/>
						<line hits="1" number="508"/>
						<line hits="1" number="509"/>
						<line hits="1" number="511"/>
						<line hits="1" number="539"/>
						<line hits="1" number="540"/>
						<line hits="1" number="543"/>
						<line hits="1" number="635"/>
						<line hits="1" number="651"/>
						<line hits="1" number="660"/>
						<line hits="1" number="661"/>
						<line hits="1" number="662"/>
						<line hits="1" number="664"/>
						<line hits="1" number="670"/>
						<line hits="1" number="674"/>
						<line hits="1" number="725"/>
						<line hits="1" number="728"/>
						<line hits="1" number="831"/>
						<line hits="1" number="832"/>
						<line hits="1" number="835"/>
						<line hits="1" number="936"/>
						<line hits="1" number="937"/>
						<line hits="1" number="940"/>
						<line hits="1" number="951"/>
						<line hits="1" number="969"/>
						<line hits="1" number="976"/>
						<line hits="1" number="977"/>
						<line hits="1" number="978"/>
						<line hits="1" number="979"/>
						<line hits="1" number="980"/>
						<line hits="1" number="981"/>
						<line hits="1" number="988"/>
						<line hits="1" number="989"/>
						<line hits="1" number="990"/>
						<line hits="1" number="991"/>
						<line hits="1" number="992"/>
						<line hits="1" number="993"/>
						<line hits="1" number="994"/>
						<line hits="1" number="996"/>
					</lines>
				</class>
			</classes>
		</package>
	</packages>
</coverage>
